0 info it worked if it ends with ok
1 verbose cli [ '/usr/local/bin/node', '/usr/local/bin/npm', 'init' ]
2 info using npm@4.1.2
3 info using node@v7.7.2
4 silly package data undefined
5 info init written successfully
6 verbose stack TypeError: Cannot read property 'toUpperCase' of undefined
6 verbose stack     at Array.<anonymous> (/usr/local/lib/node_modules/npm/node_modules/validate-npm-package-license/node_modules/spdx-correct/index.js:82:23)
6 verbose stack     at validTransformation (/usr/local/lib/node_modules/npm/node_modules/validate-npm-package-license/node_modules/spdx-correct/index.js:173:36)
6 verbose stack     at module.exports (/usr/local/lib/node_modules/npm/node_modules/validate-npm-package-license/node_modules/spdx-correct/index.js:215:21)
6 verbose stack     at module.exports (/usr/local/lib/node_modules/npm/node_modules/validate-npm-package-license/index.js:60:23)
6 verbose stack     at /usr/local/lib/node_modules/npm/node_modules/init-package-json/default-input.js:232:13
6 verbose stack     at PromZard.<anonymous> (/usr/local/lib/node_modules/npm/node_modules/init-package-json/node_modules/promzard/promzard.js:226:19)
6 verbose stack     at Interface.onLine (/usr/local/lib/node_modules/npm/node_modules/read/lib/read.js:111:5)
6 verbose stack     at emitOne (events.js:96:13)
6 verbose stack     at Interface.emit (events.js:191:7)
6 verbose stack     at Interface._onLine (readline.js:238:10)
7 verbose cwd /Users/yogieputra/Documents/scrum/horse
8 error Darwin 16.5.0
9 error argv "/usr/local/bin/node" "/usr/local/bin/npm" "init"
10 error node v7.7.2
11 error npm  v4.1.2
12 error Cannot read property 'toUpperCase' of undefined
13 error If you need help, you may report this error at:
13 error     <https://github.com/npm/npm/issues>
14 verbose exit [ 1, true ]
